<?xml version="1.0" encoding="UTF-8"?>
<Site BuildName="(empty)"
	BuildStamp="20230614-0605-Experimental"
	Name="(empty)"
	Generator="ctest-3.26.3"
	CompilerName=""
	CompilerVersion=""
	OSName="Linux"
	Hostname="codespaces-7e9d52"
	OSRelease="5.15.0-1039-azure"
	OSVersion="#46-Ubuntu SMP Mon May 22 15:18:07 UTC 2023"
	OSPlatform="x86_64"
	Is64Bits="1"
	VendorString="GenuineIntel"
	VendorID="Intel Corporation"
	FamilyID="6"
	ModelID="106"
	ProcessorCacheSize="49152"
	NumberOfLogicalCPU="2"
	NumberOfPhysicalCPU="1"
	TotalVirtualMemory="0"
	TotalPhysicalMemory="3925"
	LogicalProcessorsPerPhysical="2"
	ProcessorClockFrequency="2793.44"
	>
	<Testing>
		<StartDateTime>Jun 14 06:05 UTC</StartDateTime>
		<StartTestTime>1686722700</StartTestTime>
		<TestList/>
		<EndDateTime>Jun 14 06:05 UTC</EndDateTime>
		<EndTestTime>1686722700</EndTestTime>
		<ElapsedMinutes>0</ElapsedMinutes>
	</Testing>
</Site>
